app/build/intermediates/manifest_merge_blame_file/debug/manifest-merger-blame-debug-report.txt
1<?xml version="1.0" encoding="utf-8"?>
2<manifest xmlns:android="http://schemas.android.com/apk/res/android"
3    package="com.vickystft.tictactoegames"
4    android:versionCode="6"
5    android:versionName="4.6.1.2" >
6
7    <uses-sdk
8        android:minSdkVersion="21"
9        android:targetSdkVersion="34" />
10
11    <uses-permission android:name="android.permission.INTERNET" />
11-->src\main\AndroidManifest.xml:4:5-66
11-->src\main\AndroidManifest.xml:4:22-64
12    <uses-permission android:name="android.permission.ACCESS_NETWORK_STATE" />
12-->src\main\AndroidManifest.xml:5:5-78
12-->src\main\AndroidManifest.xml:5:22-76
13    <uses-permission android:name="android.permission.VIBRATE" />
13-->src\main\AndroidManifest.xml:6:5-65
13-->src\main\AndroidManifest.xml:6:22-63
14
15    <!-- Android package visibility setting -->
16    <queries>
16-->[com.google.android.gms:play-services-ads-lite:19.6.0] AndroidManifest.xml:27:5-38:15
17
18        <!-- For browser content -->
19        <intent>
19-->[com.google.android.gms:play-services-ads-lite:19.6.0] AndroidManifest.xml:30:9-36:18
20            <action android:name="android.intent.action.VIEW" />
20-->[com.google.android.gms:play-services-ads-lite:19.6.0] AndroidManifest.xml:31:13-65
20-->[com.google.android.gms:play-services-ads-lite:19.6.0] AndroidManifest.xml:31:21-62
21
22            <category android:name="android.intent.category.BROWSABLE" />
22-->[com.google.android.gms:play-services-ads-lite:19.6.0] AndroidManifest.xml:33:13-74
22-->[com.google.android.gms:play-services-ads-lite:19.6.0] AndroidManifest.xml:33:23-71
23
24            <data android:scheme="https" />
24-->[com.google.android.gms:play-services-ads-lite:19.6.0] AndroidManifest.xml:35:13-44
24-->[com.google.android.gms:play-services-ads-lite:19.6.0] AndroidManifest.xml:35:19-41
25        </intent>
26        <!-- End of browser content -->
27    </queries>
28
29    <uses-permission android:name="android.permission.WAKE_LOCK" />
29-->[com.google.android.gms:play-services-measurement-sdk-api:17.5.0] AndroidManifest.xml:25:5-68
29-->[com.google.android.gms:play-services-measurement-sdk-api:17.5.0] AndroidManifest.xml:25:22-65
30    <uses-permission android:name="android.permission.RECEIVE_BOOT_COMPLETED" />
30-->[androidx.work:work-runtime:2.1.0] AndroidManifest.xml:27:5-81
30-->[androidx.work:work-runtime:2.1.0] AndroidManifest.xml:27:22-78
31
32    <permission
32-->[androidx.core:core:1.12.0-beta01] AndroidManifest.xml:22:5-24:47
33        android:name="com.vickystft.tictactoegames.DYNAMIC_RECEIVER_NOT_EXPORTED_PERMISSION"
33-->[androidx.core:core:1.12.0-beta01] AndroidManifest.xml:23:9-81
34        android:protectionLevel="signature" />
34-->[androidx.core:core:1.12.0-beta01] AndroidManifest.xml:24:9-44
35
36    <uses-permission android:name="com.vickystft.tictactoegames.DYNAMIC_RECEIVER_NOT_EXPORTED_PERMISSION" />
36-->[androidx.core:core:1.12.0-beta01] AndroidManifest.xml:26:5-97
36-->[androidx.core:core:1.12.0-beta01] AndroidManifest.xml:26:22-94
37
38    <application
38-->src\main\AndroidManifest.xml:8:5-48:19
39        android:allowBackup="true"
39-->src\main\AndroidManifest.xml:9:9-35
40        android:appComponentFactory="androidx.core.app.CoreComponentFactory"
40-->[androidx.core:core:1.12.0-beta01] AndroidManifest.xml:28:18-86
41        android:debuggable="true"
42        android:extractNativeLibs="true"
43        android:icon="@mipmap/ic_launcher"
43-->src\main\AndroidManifest.xml:10:9-43
44        android:label="@string/app_name"
44-->src\main\AndroidManifest.xml:11:9-41
45        android:roundIcon="@mipmap/ic_launcher_round"
45-->src\main\AndroidManifest.xml:12:9-54
46        android:supportsRtl="true"
46-->src\main\AndroidManifest.xml:13:9-35
47        android:theme="@style/Theme.AppCompat.Light.NoActionBar" >
47-->src\main\AndroidManifest.xml:14:9-65
48        <activity
48-->src\main\AndroidManifest.xml:15:9-23:20
49            android:name="com.vickystft.tictactoegames.SplashActivity"
49-->src\main\AndroidManifest.xml:15:19-77
50            android:exported="true"
50-->src\main\AndroidManifest.xml:17:13-36
51            android:screenOrientation="portrait" >
51-->src\main\AndroidManifest.xml:16:13-49
52            <intent-filter>
52-->src\main\AndroidManifest.xml:18:13-22:29
53                <action android:name="android.intent.action.MAIN" />
53-->src\main\AndroidManifest.xml:19:17-69
53-->src\main\AndroidManifest.xml:19:25-66
54
55                <category android:name="android.intent.category.LAUNCHER" />
55-->src\main\AndroidManifest.xml:21:17-77
55-->src\main\AndroidManifest.xml:21:27-74
56            </intent-filter>
57        </activity>
58
59        <meta-data
59-->src\main\AndroidManifest.xml:25:9-27:69
60            android:name="com.google.android.gms.ads.APPLICATION_ID"
60-->src\main\AndroidManifest.xml:26:13-69
61            android:value="ca-app-pub-1300550419393935~1379395500" />
61-->src\main\AndroidManifest.xml:27:13-67
62
63        <activity
63-->src\main\AndroidManifest.xml:29:9-31:20
64            android:name="com.vickystft.tictactoegames.SettingsActivity"
64-->src\main\AndroidManifest.xml:29:19-79
65            android:screenOrientation="portrait" >
65-->src\main\AndroidManifest.xml:30:13-49
66        </activity>
67        <activity
67-->src\main\AndroidManifest.xml:32:9-34:20
68            android:name="com.vickystft.tictactoegames.TwoNameActivity"
68-->src\main\AndroidManifest.xml:32:19-78
69            android:windowSoftInputMode="adjustResize" >
69-->src\main\AndroidManifest.xml:33:13-55
70        </activity>
71        <activity
71-->src\main\AndroidManifest.xml:35:9-37:20
72            android:name="com.vickystft.tictactoegames.NameActivity"
72-->src\main\AndroidManifest.xml:35:19-75
73            android:screenOrientation="portrait" >
73-->src\main\AndroidManifest.xml:36:13-49
74        </activity>
75        <activity
75-->src\main\AndroidManifest.xml:38:9-40:20
76            android:name="com.vickystft.tictactoegames.MainActivity"
76-->src\main\AndroidManifest.xml:38:19-75
77            android:screenOrientation="portrait" >
77-->src\main\AndroidManifest.xml:39:13-49
78        </activity>
79        <activity
79-->src\main\AndroidManifest.xml:41:9-44:20
80            android:name="com.vickystft.tictactoegames.ChooseActivity"
80-->src\main\AndroidManifest.xml:41:19-77
81            android:screenOrientation="portrait" >
81-->src\main\AndroidManifest.xml:42:13-49
82        </activity>
83        <activity
83-->src\main\AndroidManifest.xml:45:9-47:20
84            android:name="com.vickystft.tictactoegames.SceneActivity"
84-->src\main\AndroidManifest.xml:45:19-76
85            android:screenOrientation="portrait" >
85-->src\main\AndroidManifest.xml:46:13-49
86        </activity>
87        <!-- Include the AdActivity and InAppPurchaseActivity configChanges and themes. -->
88        <activity
88-->[com.google.android.gms:play-services-ads-lite:19.6.0] AndroidManifest.xml:43:9-47:64
89            android:name="com.google.android.gms.ads.AdActivity"
89-->[com.google.android.gms:play-services-ads-lite:19.6.0] AndroidManifest.xml:44:13-65
90            android:configChanges="keyboard|keyboardHidden|orientation|screenLayout|uiMode|screenSize|smallestScreenSize"
90-->[com.google.android.gms:play-services-ads-lite:19.6.0] AndroidManifest.xml:45:13-122
91            android:exported="false"
91-->[com.google.android.gms:play-services-ads-lite:19.6.0] AndroidManifest.xml:46:13-37
92            android:theme="@android:style/Theme.Translucent" />
92-->[com.google.android.gms:play-services-ads-lite:19.6.0] AndroidManifest.xml:47:13-61
93
94        <provider
94-->[com.google.android.gms:play-services-ads-lite:19.6.0] AndroidManifest.xml:49:9-53:39
95            android:name="com.google.android.gms.ads.MobileAdsInitProvider"
95-->[com.google.android.gms:play-services-ads-lite:19.6.0] AndroidManifest.xml:50:13-76
96            android:authorities="com.vickystft.tictactoegames.mobileadsinitprovider"
96-->[com.google.android.gms:play-services-ads-lite:19.6.0] AndroidManifest.xml:51:13-73
97            android:exported="false"
97-->[com.google.android.gms:play-services-ads-lite:19.6.0] AndroidManifest.xml:52:13-37
98            android:initOrder="100" />
98-->[com.google.android.gms:play-services-ads-lite:19.6.0] AndroidManifest.xml:53:13-36
99
100        <service
100-->[com.google.android.gms:play-services-ads-lite:19.6.0] AndroidManifest.xml:55:9-58:40
101            android:name="com.google.android.gms.ads.AdService"
101-->[com.google.android.gms:play-services-ads-lite:19.6.0] AndroidManifest.xml:56:13-64
102            android:enabled="true"
102-->[com.google.android.gms:play-services-ads-lite:19.6.0] AndroidManifest.xml:57:13-35
103            android:exported="false" />
103-->[com.google.android.gms:play-services-ads-lite:19.6.0] AndroidManifest.xml:58:13-37
104
105        <meta-data
105-->[com.google.android.gms:play-services-basement:17.3.0] AndroidManifest.xml:23:9-25:69
106            android:name="com.google.android.gms.version"
106-->[com.google.android.gms:play-services-basement:17.3.0] AndroidManifest.xml:24:13-58
107            android:value="@integer/google_play_services_version" />
107-->[com.google.android.gms:play-services-basement:17.3.0] AndroidManifest.xml:25:13-66
108
109        <provider
109-->[androidx.emoji2:emoji2:1.3.0] AndroidManifest.xml:24:9-32:20
110            android:name="androidx.startup.InitializationProvider"
110-->[androidx.emoji2:emoji2:1.3.0] AndroidManifest.xml:25:13-67
111            android:authorities="com.vickystft.tictactoegames.androidx-startup"
111-->[androidx.emoji2:emoji2:1.3.0] AndroidManifest.xml:26:13-68
112            android:exported="false" >
112-->[androidx.emoji2:emoji2:1.3.0] AndroidManifest.xml:27:13-37
113            <meta-data
113-->[androidx.emoji2:emoji2:1.3.0] AndroidManifest.xml:29:13-31:52
114                android:name="androidx.emoji2.text.EmojiCompatInitializer"
114-->[androidx.emoji2:emoji2:1.3.0] AndroidManifest.xml:30:17-75
115                android:value="androidx.startup" />
115-->[androidx.emoji2:emoji2:1.3.0] AndroidManifest.xml:31:17-49
116            <meta-data
116-->[androidx.lifecycle:lifecycle-process:2.6.1] AndroidManifest.xml:29:13-31:52
117                android:name="androidx.lifecycle.ProcessLifecycleInitializer"
117-->[androidx.lifecycle:lifecycle-process:2.6.1] AndroidManifest.xml:30:17-78
118                android:value="androidx.startup" />
118-->[androidx.lifecycle:lifecycle-process:2.6.1] AndroidManifest.xml:31:17-49
119            <meta-data
119-->[androidx.profileinstaller:profileinstaller:1.3.0] AndroidManifest.xml:29:13-31:52
120                android:name="androidx.profileinstaller.ProfileInstallerInitializer"
120-->[androidx.profileinstaller:profileinstaller:1.3.0] AndroidManifest.xml:30:17-85
121                android:value="androidx.startup" />
121-->[androidx.profileinstaller:profileinstaller:1.3.0] AndroidManifest.xml:31:17-49
122        </provider>
123        <provider
123-->[androidx.work:work-runtime:2.1.0] AndroidManifest.xml:30:9-36:35
124            android:name="androidx.work.impl.WorkManagerInitializer"
124-->[androidx.work:work-runtime:2.1.0] AndroidManifest.xml:31:13-69
125            android:authorities="com.vickystft.tictactoegames.workmanager-init"
125-->[androidx.work:work-runtime:2.1.0] AndroidManifest.xml:32:13-68
126            android:directBootAware="false"
126-->[androidx.work:work-runtime:2.1.0] AndroidManifest.xml:33:13-44
127            android:exported="false"
127-->[androidx.work:work-runtime:2.1.0] AndroidManifest.xml:34:13-37
128            android:multiprocess="true" />
128-->[androidx.work:work-runtime:2.1.0] AndroidManifest.xml:35:13-40
129
130        <service
130-->[androidx.work:work-runtime:2.1.0] AndroidManifest.xml:38:9-43:35
131            android:name="androidx.work.impl.background.systemalarm.SystemAlarmService"
131-->[androidx.work:work-runtime:2.1.0] AndroidManifest.xml:39:13-88
132            android:directBootAware="false"
132-->[androidx.work:work-runtime:2.1.0] AndroidManifest.xml:40:13-44
133            android:enabled="@bool/enable_system_alarm_service_default"
133-->[androidx.work:work-runtime:2.1.0] AndroidManifest.xml:41:13-72
134            android:exported="false" />
134-->[androidx.work:work-runtime:2.1.0] AndroidManifest.xml:42:13-37
135        <service
135-->[androidx.work:work-runtime:2.1.0] AndroidManifest.xml:44:9-50:35
136            android:name="androidx.work.impl.background.systemjob.SystemJobService"
136-->[androidx.work:work-runtime:2.1.0] AndroidManifest.xml:45:13-84
137            android:directBootAware="false"
137-->[androidx.work:work-runtime:2.1.0] AndroidManifest.xml:46:13-44
138            android:enabled="@bool/enable_system_job_service_default"
138-->[androidx.work:work-runtime:2.1.0] AndroidManifest.xml:47:13-70
139            android:exported="true"
139-->[androidx.work:work-runtime:2.1.0] AndroidManifest.xml:48:13-36
140            android:permission="android.permission.BIND_JOB_SERVICE" />
140-->[androidx.work:work-runtime:2.1.0] AndroidManifest.xml:49:13-69
141
142        <receiver
142-->[androidx.work:work-runtime:2.1.0] AndroidManifest.xml:52:9-57:35
143            android:name="androidx.work.impl.utils.ForceStopRunnable$BroadcastReceiver"
143-->[androidx.work:work-runtime:2.1.0] AndroidManifest.xml:53:13-88
144            android:directBootAware="false"
144-->[androidx.work:work-runtime:2.1.0] AndroidManifest.xml:54:13-44
145            android:enabled="true"
145-->[androidx.work:work-runtime:2.1.0] AndroidManifest.xml:55:13-35
146            android:exported="false" />
146-->[androidx.work:work-runtime:2.1.0] AndroidManifest.xml:56:13-37
147        <receiver
147-->[androidx.work:work-runtime:2.1.0] AndroidManifest.xml:58:9-68:20
148            android:name="androidx.work.impl.background.systemalarm.ConstraintProxy$BatteryChargingProxy"
148-->[androidx.work:work-runtime:2.1.0] AndroidManifest.xml:59:13-106
149            android:directBootAware="false"
149-->[androidx.work:work-runtime:2.1.0] AndroidManifest.xml:60:13-44
150            android:enabled="false"
150-->[androidx.work:work-runtime:2.1.0] AndroidManifest.xml:61:13-36
151            android:exported="false" >
151-->[androidx.work:work-runtime:2.1.0] AndroidManifest.xml:62:13-37
152            <intent-filter>
152-->[androidx.work:work-runtime:2.1.0] AndroidManifest.xml:64:13-67:29
153                <action android:name="android.intent.action.ACTION_POWER_CONNECTED" />
153-->[androidx.work:work-runtime:2.1.0] AndroidManifest.xml:65:17-87
153-->[androidx.work:work-runtime:2.1.0] AndroidManifest.xml:65:25-84
154                <action android:name="android.intent.action.ACTION_POWER_DISCONNECTED" />
154-->[androidx.work:work-runtime:2.1.0] AndroidManifest.xml:66:17-90
154-->[androidx.work:work-runtime:2.1.0] AndroidManifest.xml:66:25-87
155            </intent-filter>
156        </receiver>
157        <receiver
157-->[androidx.work:work-runtime:2.1.0] AndroidManifest.xml:69:9-79:20
158            android:name="androidx.work.impl.background.systemalarm.ConstraintProxy$BatteryNotLowProxy"
158-->[androidx.work:work-runtime:2.1.0] AndroidManifest.xml:70:13-104
159            android:directBootAware="false"
159-->[androidx.work:work-runtime:2.1.0] AndroidManifest.xml:71:13-44
160            android:enabled="false"
160-->[androidx.work:work-runtime:2.1.0] AndroidManifest.xml:72:13-36
161            android:exported="false" >
161-->[androidx.work:work-runtime:2.1.0] AndroidManifest.xml:73:13-37
162            <intent-filter>
162-->[androidx.work:work-runtime:2.1.0] AndroidManifest.xml:75:13-78:29
163                <action android:name="android.intent.action.BATTERY_OKAY" />
163-->[androidx.work:work-runtime:2.1.0] AndroidManifest.xml:76:17-77
163-->[androidx.work:work-runtime:2.1.0] AndroidManifest.xml:76:25-74
164                <action android:name="android.intent.action.BATTERY_LOW" />
164-->[androidx.work:work-runtime:2.1.0] AndroidManifest.xml:77:17-76
164-->[androidx.work:work-runtime:2.1.0] AndroidManifest.xml:77:25-73
165            </intent-filter>
166        </receiver>
167        <receiver
167-->[androidx.work:work-runtime:2.1.0] AndroidManifest.xml:80:9-90:20
168            android:name="androidx.work.impl.background.systemalarm.ConstraintProxy$StorageNotLowProxy"
168-->[androidx.work:work-runtime:2.1.0] AndroidManifest.xml:81:13-104
169            android:directBootAware="false"
169-->[androidx.work:work-runtime:2.1.0] AndroidManifest.xml:82:13-44
170            android:enabled="false"
170-->[androidx.work:work-runtime:2.1.0] AndroidManifest.xml:83:13-36
171            android:exported="false" >
171-->[androidx.work:work-runtime:2.1.0] AndroidManifest.xml:84:13-37
172            <intent-filter>
172-->[androidx.work:work-runtime:2.1.0] AndroidManifest.xml:86:13-89:29
173                <action android:name="android.intent.action.DEVICE_STORAGE_LOW" />
173-->[androidx.work:work-runtime:2.1.0] AndroidManifest.xml:87:17-83
173-->[androidx.work:work-runtime:2.1.0] AndroidManifest.xml:87:25-80
174                <action android:name="android.intent.action.DEVICE_STORAGE_OK" />
174-->[androidx.work:work-runtime:2.1.0] AndroidManifest.xml:88:17-82
174-->[androidx.work:work-runtime:2.1.0] AndroidManifest.xml:88:25-79
175            </intent-filter>
176        </receiver>
177        <receiver
177-->[androidx.work:work-runtime:2.1.0] AndroidManifest.xml:91:9-100:20
178            android:name="androidx.work.impl.background.systemalarm.ConstraintProxy$NetworkStateProxy"
178-->[androidx.work:work-runtime:2.1.0] AndroidManifest.xml:92:13-103
179            android:directBootAware="false"
179-->[androidx.work:work-runtime:2.1.0] AndroidManifest.xml:93:13-44
180            android:enabled="false"
180-->[androidx.work:work-runtime:2.1.0] AndroidManifest.xml:94:13-36
181            android:exported="false" >
181-->[androidx.work:work-runtime:2.1.0] AndroidManifest.xml:95:13-37
182            <intent-filter>
182-->[androidx.work:work-runtime:2.1.0] AndroidManifest.xml:97:13-99:29
183                <action android:name="android.net.conn.CONNECTIVITY_CHANGE" />
183-->[androidx.work:work-runtime:2.1.0] AndroidManifest.xml:98:17-79
183-->[androidx.work:work-runtime:2.1.0] AndroidManifest.xml:98:25-76
184            </intent-filter>
185        </receiver>
186        <receiver
186-->[androidx.work:work-runtime:2.1.0] AndroidManifest.xml:101:9-112:20
187            android:name="androidx.work.impl.background.systemalarm.RescheduleReceiver"
187-->[androidx.work:work-runtime:2.1.0] AndroidManifest.xml:102:13-88
188            android:directBootAware="false"
188-->[androidx.work:work-runtime:2.1.0] AndroidManifest.xml:103:13-44
189            android:enabled="false"
189-->[androidx.work:work-runtime:2.1.0] AndroidManifest.xml:104:13-36
190            android:exported="false" >
190-->[androidx.work:work-runtime:2.1.0] AndroidManifest.xml:105:13-37
191            <intent-filter>
191-->[androidx.work:work-runtime:2.1.0] AndroidManifest.xml:107:13-111:29
192                <action android:name="android.intent.action.BOOT_COMPLETED" />
192-->[androidx.work:work-runtime:2.1.0] AndroidManifest.xml:108:17-79
192-->[androidx.work:work-runtime:2.1.0] AndroidManifest.xml:108:25-76
193                <action android:name="android.intent.action.TIME_SET" />
193-->[androidx.work:work-runtime:2.1.0] AndroidManifest.xml:109:17-73
193-->[androidx.work:work-runtime:2.1.0] AndroidManifest.xml:109:25-70
194                <action android:name="android.intent.action.TIMEZONE_CHANGED" />
194-->[androidx.work:work-runtime:2.1.0] AndroidManifest.xml:110:17-81
194-->[androidx.work:work-runtime:2.1.0] AndroidManifest.xml:110:25-78
195            </intent-filter>
196        </receiver>
197        <receiver
197-->[androidx.work:work-runtime:2.1.0] AndroidManifest.xml:113:9-122:20
198            android:name="androidx.work.impl.background.systemalarm.ConstraintProxyUpdateReceiver"
198-->[androidx.work:work-runtime:2.1.0] AndroidManifest.xml:114:13-99
199            android:directBootAware="false"
199-->[androidx.work:work-runtime:2.1.0] AndroidManifest.xml:115:13-44
200            android:enabled="@bool/enable_system_alarm_service_default"
200-->[androidx.work:work-runtime:2.1.0] AndroidManifest.xml:116:13-72
201            android:exported="false" >
201-->[androidx.work:work-runtime:2.1.0] AndroidManifest.xml:117:13-37
202            <intent-filter>
202-->[androidx.work:work-runtime:2.1.0] AndroidManifest.xml:119:13-121:29
203                <action android:name="androidx.work.impl.background.systemalarm.UpdateProxies" />
203-->[androidx.work:work-runtime:2.1.0] AndroidManifest.xml:120:17-98
203-->[androidx.work:work-runtime:2.1.0] AndroidManifest.xml:120:25-95
204            </intent-filter>
205        </receiver>
206
207        <service
207-->[androidx.room:room-runtime:2.1.0] AndroidManifest.xml:25:9-27:40
208            android:name="androidx.room.MultiInstanceInvalidationService"
208-->[androidx.room:room-runtime:2.1.0] AndroidManifest.xml:26:13-74
209            android:exported="false" />
209-->[androidx.room:room-runtime:2.1.0] AndroidManifest.xml:27:13-37
210
211        <receiver
211-->[androidx.profileinstaller:profileinstaller:1.3.0] AndroidManifest.xml:34:9-52:20
212            android:name="androidx.profileinstaller.ProfileInstallReceiver"
212-->[androidx.profileinstaller:profileinstaller:1.3.0] AndroidManifest.xml:35:13-76
213            android:directBootAware="false"
213-->[androidx.profileinstaller:profileinstaller:1.3.0] AndroidManifest.xml:36:13-44
214            android:enabled="true"
214-->[androidx.profileinstaller:profileinstaller:1.3.0] AndroidManifest.xml:37:13-35
215            android:exported="true"
215-->[androidx.profileinstaller:profileinstaller:1.3.0] AndroidManifest.xml:38:13-36
216            android:permission="android.permission.DUMP" >
216-->[androidx.profileinstaller:profileinstaller:1.3.0] AndroidManifest.xml:39:13-57
217            <intent-filter>
217-->[androidx.profileinstaller:profileinstaller:1.3.0] AndroidManifest.xml:40:13-42:29
218                <action android:name="androidx.profileinstaller.action.INSTALL_PROFILE" />
218-->[androidx.profileinstaller:profileinstaller:1.3.0] AndroidManifest.xml:41:17-91
218-->[androidx.profileinstaller:profileinstaller:1.3.0] AndroidManifest.xml:41:25-88
219            </intent-filter>
220            <intent-filter>
220-->[androidx.profileinstaller:profileinstaller:1.3.0] AndroidManifest.xml:43:13-45:29
221                <action android:name="androidx.profileinstaller.action.SKIP_FILE" />
221-->[androidx.profileinstaller:profileinstaller:1.3.0] AndroidManifest.xml:44:17-85
221-->[androidx.profileinstaller:profileinstaller:1.3.0] AndroidManifest.xml:44:25-82
222            </intent-filter>
223            <intent-filter>
223-->[androidx.profileinstaller:profileinstaller:1.3.0] AndroidManifest.xml:46:13-48:29
224                <action android:name="androidx.profileinstaller.action.SAVE_PROFILE" />
224-->[androidx.profileinstaller:profileinstaller:1.3.0] AndroidManifest.xml:47:17-88
224-->[androidx.profileinstaller:profileinstaller:1.3.0] AndroidManifest.xml:47:25-85
225            </intent-filter>
226            <intent-filter>
226-->[androidx.profileinstaller:profileinstaller:1.3.0] AndroidManifest.xml:49:13-51:29
227                <action android:name="androidx.profileinstaller.action.BENCHMARK_OPERATION" />
227-->[androidx.profileinstaller:profileinstaller:1.3.0] AndroidManifest.xml:50:17-95
227-->[androidx.profileinstaller:profileinstaller:1.3.0] AndroidManifest.xml:50:25-92
228            </intent-filter>
229        </receiver>
230    </application>
231
232</manifest>